<?xml version="1.0" encoding="UTF-8"?>
<testng-results ignored="0" total="1" passed="1" failed="0" skipped="0">
  <reporter-output>
  </reporter-output>
  <suite started-at="2023-01-29T18:01:04 IST" name="Default suite" finished-at="2023-01-29T18:02:32 IST" duration-ms="88202">
    <groups>
    </groups>
    <test started-at="2023-01-29T18:01:04 IST" name="Default test" finished-at="2023-01-29T18:02:32 IST" duration-ms="88202">
      <class name="test.TestScript">
        <test-method is-config="true" signature="setup()[pri:0, instance:test.TestScript@35d019a3]" started-at="2023-01-29T18:01:04 IST" name="setup" description="Launch Browser" finished-at="2023-01-29T18:02:02 IST" duration-ms="58017" status="PASS">
          <reporter-output>
          </reporter-output>
        </test-method> <!-- setup -->
        <test-method signature="addcart()[pri:1, instance:test.TestScript@35d019a3]" started-at="2023-01-29T18:02:02 IST" name="addcart" description="Login Test" finished-at="2023-01-29T18:02:27 IST" duration-ms="24784" status="PASS">
          <reporter-output>
          </reporter-output>
        </test-method> <!-- addcart -->
        <test-method is-config="true" signature="teardown()[pri:0, instance:test.TestScript@35d019a3]" started-at="2023-01-29T18:02:27 IST" name="teardown" description="Close Browser" finished-at="2023-01-29T18:02:32 IST" duration-ms="5372" status="PASS">
          <reporter-output>
          </reporter-output>
        </test-method> <!-- teardown -->
      </class> <!-- test.TestScript -->
    </test> <!-- Default test -->
  </suite> <!-- Default suite -->
</testng-results>
