<?xml version="1.0" encoding="UTF-8"?>
<!-- Generated by org.testng.reporters.JUnitXMLReporter -->
<testsuite ignored="0" hostname="Arunachelam" failures="0" tests="3" name="Default test" time="66.079" errors="0" timestamp="2023-02-04T18:29:48 IST">
  <testcase classname="test.Search_Product" name="producttest" time="7.43"/>
  <testcase classname="test.Search_Product" name="producttest" time="8.952"/>
  <testcase classname="test.Search_Product" name="producttest" time="8.175"/>
</testsuite> <!-- Default test -->
